
> gigab2b-web@1.0.0 dev
> vite --port 5173


  [32m[1mVITE[22m v6.4.3[39m  [2mready in [0m[1m404[22m[2m[0m ms[22m

  [32m➜[39m  [1mLocal[22m:   [36mhttp://localhost:[1m5173[22m/[39m
[2m  [32m➜[39m  [1mNetwork[22m[2m: use [22m[1m--host[22m[2m to expose[22m
[2m21:02:07[22m [36m[1m[vite][22m[39m [90m[2m(client)[22m[39m [32mhmr update [39m[2m/src/App.tsx[22m
[2m21:02:20[22m [36m[1m[vite][22m[39m [90m[2m(client)[22m[39m [32mhmr update [39m[2m/src/App.tsx[22m
[2m21:07:53[22m [36m[1m[vite][22m[39m [90m[2m(client)[22m[39m [32mhmr update [39m[2m/src/App.tsx[22m
[2m21:07:53[22m [31m[1m[vite][22m[39m [31mInternal server error: F:\AI Projects\GIGAB2B\web\src\App.tsx: Unexpected token, expected ":" (465:11)

[0m [90m 463 |[31m               [33m<[31m[33m/[31m[33msection[31m[33m>[31m
 [90m 464 |[31m             [33m<[31m[33m/[31m[33m>[31m
[31m[1m>[22m[31m[90m 465 |[31m           )}
 [90m     |[31m            [31m[1m^[22m[31m
 [90m 466 |[31m         [33m<[31m[33m/[31m[33maside[31m[33m>[31m
 [90m 467 |[31m       [33m<[31m[33m/[31m[33mmain[31m[33m>[31m
 [90m 468 |[31m     [33m<[31m[33m/[31m[33mdiv[31m[33m>[31m[0m[39m
  Plugin: [35mvite:react-babel[39m
  File: [36mF:/AI Projects/GIGAB2B/web/src/App.tsx[39m:465:11
[33m  463|                </section>
  464|              </>
  465|            )}
     |             ^
  466|          </aside>
  467|        </main>[39m
      at constructor (F:\AI Projects\GIGAB2B\web\node_modules\@babel\parser\lib\index.js:365:19)
      at TypeScriptParserMixin.raise (F:\AI Projects\GIGAB2B\web\node_modules\@babel\parser\lib\index.js:6616:19)
      at TypeScriptParserMixin.unexpected (F:\AI Projects\GIGAB2B\web\node_modules\@babel\parser\lib\index.js:6636:16)
      at TypeScriptParserMixin.expect (F:\AI Projects\GIGAB2B\web\node_modules\@babel\parser\lib\index.js:6916:12)
      at TypeScriptParserMixin.parseConditional (F:\AI Projects\GIGAB2B\web\node_modules\@babel\parser\lib\index.js:10909:12)
      at TypeScriptParserMixin.parseConditional (F:\AI Projects\GIGAB2B\web\node_modules\@babel\parser\lib\index.js:9620:18)
      at TypeScriptParserMixin.parseMaybeConditional (F:\AI Projects\GIGAB2B\web\node_modules\@babel\parser\lib\index.js:10902:17)
      at TypeScriptParserMixin.parseMaybeAssign (F:\AI Projects\GIGAB2B\web\node_modules\@babel\parser\lib\index.js:10848:21)
      at TypeScriptParserMixin.parseMaybeAssign (F:\AI Projects\GIGAB2B\web\node_modules\@babel\parser\lib\index.js:9803:20)
      at TypeScriptParserMixin.parseExpressionBase (F:\AI Projects\GIGAB2B\web\node_modules\@babel\parser\lib\index.js:10801:23)
      at F:\AI Projects\GIGAB2B\web\node_modules\@babel\parser\lib\index.js:10797:39
      at TypeScriptParserMixin.allowInAnd (F:\AI Projects\GIGAB2B\web\node_modules\@babel\parser\lib\index.js:12443:12)
      at TypeScriptParserMixin.parseExpression (F:\AI Projects\GIGAB2B\web\node_modules\@babel\parser\lib\index.js:10797:17)
      at TypeScriptParserMixin.jsxParseExpressionContainer (F:\AI Projects\GIGAB2B\web\node_modules\@babel\parser\lib\index.js:4644:31)
      at TypeScriptParserMixin.jsxParseElementAt (F:\AI Projects\GIGAB2B\web\node_modules\@babel\parser\lib\index.js:4723:36)
      at TypeScriptParserMixin.jsxParseElementAt (F:\AI Projects\GIGAB2B\web\node_modules\@babel\parser\lib\index.js:4710:32)
      at TypeScriptParserMixin.jsxParseElementAt (F:\AI Projects\GIGAB2B\web\node_modules\@babel\parser\lib\index.js:4710:32)
      at TypeScriptParserMixin.jsxParseElement (F:\AI Projects\GIGAB2B\web\node_modules\@babel\parser\lib\index.js:4761:17)
      at TypeScriptParserMixin.parseExprAtom (F:\AI Projects\GIGAB2B\web\node_modules\@babel\parser\lib\index.js:4771:19)
      at TypeScriptParserMixin.parseExprSubscripts (F:\AI Projects\GIGAB2B\web\node_modules\@babel\parser\lib\index.js:11098:23)
      at TypeScriptParserMixin.parseUpdate (F:\AI Projects\GIGAB2B\web\node_modules\@babel\parser\lib\index.js:11083:21)
      at TypeScriptParserMixin.parseMaybeUnary (F:\AI Projects\GIGAB2B\web\node_modules\@babel\parser\lib\index.js:11063:23)
      at TypeScriptParserMixin.parseMaybeUnary (F:\AI Projects\GIGAB2B\web\node_modules\@babel\parser\lib\index.js:9854:18)
      at TypeScriptParserMixin.parseMaybeUnaryOrPrivate (F:\AI Projects\GIGAB2B\web\node_modules\@babel\parser\lib\index.js:10916:61)
      at TypeScriptParserMixin.parseExprOps (F:\AI Projects\GIGAB2B\web\node_modules\@babel\parser\lib\index.js:10921:23)
      at TypeScriptParserMixin.parseMaybeConditional (F:\AI Projects\GIGAB2B\web\node_modules\@babel\parser\lib\index.js:10898:23)
      at TypeScriptParserMixin.parseMaybeAssign (F:\AI Projects\GIGAB2B\web\node_modules\@babel\parser\lib\index.js:10848:21)
      at F:\AI Projects\GIGAB2B\web\node_modules\@babel\parser\lib\index.js:9792:39
      at TypeScriptParserMixin.tryParse (F:\AI Projects\GIGAB2B\web\node_modules\@babel\parser\lib\index.js:6924:20)
      at TypeScriptParserMixin.parseMaybeAssign (F:\AI Projects\GIGAB2B\web\node_modules\@babel\parser\lib\index.js:9792:18)
      at F:\AI Projects\GIGAB2B\web\node_modules\@babel\parser\lib\index.js:10817:39
      at TypeScriptParserMixin.allowInAnd (F:\AI Projects\GIGAB2B\web\node_modules\@babel\parser\lib\index.js:12443:12)
      at TypeScriptParserMixin.parseMaybeAssignAllowIn (F:\AI Projects\GIGAB2B\web\node_modules\@babel\parser\lib\index.js:10817:17)
      at TypeScriptParserMixin.parseMaybeAssignAllowInOrVoidPattern (F:\AI Projects\GIGAB2B\web\node_modules\@babel\parser\lib\index.js:12510:17)
      at TypeScriptParserMixin.parseParenAndDistinguishExpression (F:\AI Projects\GIGAB2B\web\node_modules\@babel\parser\lib\index.js:11692:28)
      at TypeScriptParserMixin.parseExprAtom (F:\AI Projects\GIGAB2B\web\node_modules\@babel\parser\lib\index.js:11348:23)
      at TypeScriptParserMixin.parseExprAtom (F:\AI Projects\GIGAB2B\web\node_modules\@babel\parser\lib\index.js:4776:20)
      at TypeScriptParserMixin.parseExprSubscripts (F:\AI Projects\GIGAB2B\web\node_modules\@babel\parser\lib\index.js:11098:23)
      at TypeScriptParserMixin.parseUpdate (F:\AI Projects\GIGAB2B\web\node_modules\@babel\parser\lib\index.js:11083:21)
      at TypeScriptParserMixin.parseMaybeUnary (F:\AI Projects\GIGAB2B\web\node_modules\@babel\parser\lib\index.js:11063:23)
      at TypeScriptParserMixin.parseMaybeUnary (F:\AI Projects\GIGAB2B\web\node_modules\@babel\parser\lib\index.js:9854:18)
      at TypeScriptParserMixin.parseMaybeUnaryOrPrivate (F:\AI Projects\GIGAB2B\web\node_modules\@babel\parser\lib\index.js:10916:61)
      at TypeScriptParserMixin.parseExprOps (F:\AI Projects\GIGAB2B\web\node_modules\@babel\parser\lib\index.js:10921:23)
      at TypeScriptParserMixin.parseMaybeConditional (F:\AI Projects\GIGAB2B\web\node_modules\@babel\parser\lib\index.js:10898:23)
      at TypeScriptParserMixin.parseMaybeAssign (F:\AI Projects\GIGAB2B\web\node_modules\@babel\parser\lib\index.js:10848:21)
      at TypeScriptParserMixin.parseMaybeAssign (F:\AI Projects\GIGAB2B\web\node_modules\@babel\parser\lib\index.js:9803:20)
      at TypeScriptParserMixin.parseExpressionBase (F:\AI Projects\GIGAB2B\web\node_modules\@babel\parser\lib\index.js:10801:23)
      at F:\AI Projects\GIGAB2B\web\node_modules\@babel\parser\lib\index.js:10797:39
      at TypeScriptParserMixin.allowInAnd (F:\AI Projects\GIGAB2B\web\node_modules\@babel\parser\lib\index.js:12438:16)
      at TypeScriptParserMixin.parseExpression (F:\AI Projects\GIGAB2B\web\node_modules\@babel\parser\lib\index.js:10797:17)
[2m21:08:26[22m [36m[1m[vite][22m[39m [90m[2m(client)[22m[39m [32mhmr update [39m[2m/src/components/Header.tsx[22m
[2m21:09:08[22m [36m[1m[vite][22m[39m [90m[2m(client)[22m[39m [32mhmr update [39m[2m/src/components/Header.tsx[22m
[2m21:09:25[22m [36m[1m[vite][22m[39m [90m[2m(client)[22m[39m [32mhmr update [39m[2m/src/components/Header.tsx[22m
[2m21:10:32[22m [36m[1m[vite][22m[39m [90m[2m(client)[22m[39m [32mhmr update [39m[2m/src/App.tsx[22m
[2m21:10:32[22m [31m[1m[vite][22m[39m [31mInternal server error: F:\AI Projects\GIGAB2B\web\src\App.tsx: Unexpected token, expected ":" (465:11)

[0m [90m 463 |[31m               [33m<[31m[33m/[31m[33msection[31m[33m>[31m
 [90m 464 |[31m             [33m<[31m[33m/[31m[33m>[31m
[31m[1m>[22m[31m[90m 465 |[31m           )}
 [90m     |[31m            [31m[1m^[22m[31m
 [90m 466 |[31m           ) [33m:[31m (
 [90m 467 |[31m             [33m<[31m[33mdiv[31m style[33m=[31m{{ fontSize[33m:[31m [32m"12px"[31m[33m,[31m color[33m:[31m [32m"#999"[31m[33m,[31m padding[33m:[31m [32m"12px"[31m[33m,[31m background[33m:[31m [32m"#fafafa"[31m[33m,[31m border[33m:[31m [32m"1px dashed #e0e0e0"[31m[33m,[31m borderRadius[33m:[31m [32m"4px"[31m[33m,[31m textAlign[33m:[31m [32m"center"[31m }}[33m>[31m
 [90m 468 |[31m               请先抓取产品数据[0m[39m
  Plugin: [35mvite:react-babel[39m
  File: [36mF:/AI Projects/GIGAB2B/web/src/App.tsx[39m:465:11
[33m  463|                </section>
  464|              </>
  465|            )}
     |             ^
  466|            ) : (
  467|              <div style={{ fontSize: "12px", color: "#999", padding: "12px", background: "#fafafa", border: "1px dashed #e0e0e0", borderRadius: "4px", textAlign: "center" }}>[39m
      at constructor (F:\AI Projects\GIGAB2B\web\node_modules\@babel\parser\lib\index.js:365:19)
      at TypeScriptParserMixin.raise (F:\AI Projects\GIGAB2B\web\node_modules\@babel\parser\lib\index.js:6616:19)
      at TypeScriptParserMixin.unexpected (F:\AI Projects\GIGAB2B\web\node_modules\@babel\parser\lib\index.js:6636:16)
      at TypeScriptParserMixin.expect (F:\AI Projects\GIGAB2B\web\node_modules\@babel\parser\lib\index.js:6916:12)
      at TypeScriptParserMixin.parseConditional (F:\AI Projects\GIGAB2B\web\node_modules\@babel\parser\lib\index.js:10909:12)
      at TypeScriptParserMixin.parseConditional (F:\AI Projects\GIGAB2B\web\node_modules\@babel\parser\lib\index.js:9620:18)
      at TypeScriptParserMixin.parseMaybeConditional (F:\AI Projects\GIGAB2B\web\node_modules\@babel\parser\lib\index.js:10902:17)
      at TypeScriptParserMixin.parseMaybeAssign (F:\AI Projects\GIGAB2B\web\node_modules\@babel\parser\lib\index.js:10848:21)
      at TypeScriptParserMixin.parseMaybeAssign (F:\AI Projects\GIGAB2B\web\node_modules\@babel\parser\lib\index.js:9803:20)
      at TypeScriptParserMixin.parseExpressionBase (F:\AI Projects\GIGAB2B\web\node_modules\@babel\parser\lib\index.js:10801:23)
      at F:\AI Projects\GIGAB2B\web\node_modules\@babel\parser\lib\index.js:10797:39
      at TypeScriptParserMixin.allowInAnd (F:\AI Projects\GIGAB2B\web\node_modules\@babel\parser\lib\index.js:12443:12)
      at TypeScriptParserMixin.parseExpression (F:\AI Projects\GIGAB2B\web\node_modules\@babel\parser\lib\index.js:10797:17)
      at TypeScriptParserMixin.jsxParseExpressionContainer (F:\AI Projects\GIGAB2B\web\node_modules\@babel\parser\lib\index.js:4644:31)
      at TypeScriptParserMixin.jsxParseElementAt (F:\AI Projects\GIGAB2B\web\node_modules\@babel\parser\lib\index.js:4723:36)
      at TypeScriptParserMixin.jsxParseElementAt (F:\AI Projects\GIGAB2B\web\node_modules\@babel\parser\lib\index.js:4710:32)
      at TypeScriptParserMixin.jsxParseElementAt (F:\AI Projects\GIGAB2B\web\node_modules\@babel\parser\lib\index.js:4710:32)
      at TypeScriptParserMixin.jsxParseElement (F:\AI Projects\GIGAB2B\web\node_modules\@babel\parser\lib\index.js:4761:17)
      at TypeScriptParserMixin.parseExprAtom (F:\AI Projects\GIGAB2B\web\node_modules\@babel\parser\lib\index.js:4771:19)
      at TypeScriptParserMixin.parseExprSubscripts (F:\AI Projects\GIGAB2B\web\node_modules\@babel\parser\lib\index.js:11098:23)
      at TypeScriptParserMixin.parseUpdate (F:\AI Projects\GIGAB2B\web\node_modules\@babel\parser\lib\index.js:11083:21)
      at TypeScriptParserMixin.parseMaybeUnary (F:\AI Projects\GIGAB2B\web\node_modules\@babel\parser\lib\index.js:11063:23)
      at TypeScriptParserMixin.parseMaybeUnary (F:\AI Projects\GIGAB2B\web\node_modules\@babel\parser\lib\index.js:9854:18)
      at TypeScriptParserMixin.parseMaybeUnaryOrPrivate (F:\AI Projects\GIGAB2B\web\node_modules\@babel\parser\lib\index.js:10916:61)
      at TypeScriptParserMixin.parseExprOps (F:\AI Projects\GIGAB2B\web\node_modules\@babel\parser\lib\index.js:10921:23)
      at TypeScriptParserMixin.parseMaybeConditional (F:\AI Projects\GIGAB2B\web\node_modules\@babel\parser\lib\index.js:10898:23)
      at TypeScriptParserMixin.parseMaybeAssign (F:\AI Projects\GIGAB2B\web\node_modules\@babel\parser\lib\index.js:10848:21)
      at F:\AI Projects\GIGAB2B\web\node_modules\@babel\parser\lib\index.js:9792:39
      at TypeScriptParserMixin.tryParse (F:\AI Projects\GIGAB2B\web\node_modules\@babel\parser\lib\index.js:6924:20)
      at TypeScriptParserMixin.parseMaybeAssign (F:\AI Projects\GIGAB2B\web\node_modules\@babel\parser\lib\index.js:9792:18)
      at F:\AI Projects\GIGAB2B\web\node_modules\@babel\parser\lib\index.js:10817:39
      at TypeScriptParserMixin.allowInAnd (F:\AI Projects\GIGAB2B\web\node_modules\@babel\parser\lib\index.js:12443:12)
      at TypeScriptParserMixin.parseMaybeAssignAllowIn (F:\AI Projects\GIGAB2B\web\node_modules\@babel\parser\lib\index.js:10817:17)
      at TypeScriptParserMixin.parseMaybeAssignAllowInOrVoidPattern (F:\AI Projects\GIGAB2B\web\node_modules\@babel\parser\lib\index.js:12510:17)
      at TypeScriptParserMixin.parseParenAndDistinguishExpression (F:\AI Projects\GIGAB2B\web\node_modules\@babel\parser\lib\index.js:11692:28)
      at TypeScriptParserMixin.parseExprAtom (F:\AI Projects\GIGAB2B\web\node_modules\@babel\parser\lib\index.js:11348:23)
      at TypeScriptParserMixin.parseExprAtom (F:\AI Projects\GIGAB2B\web\node_modules\@babel\parser\lib\index.js:4776:20)
      at TypeScriptParserMixin.parseExprSubscripts (F:\AI Projects\GIGAB2B\web\node_modules\@babel\parser\lib\index.js:11098:23)
      at TypeScriptParserMixin.parseUpdate (F:\AI Projects\GIGAB2B\web\node_modules\@babel\parser\lib\index.js:11083:21)
      at TypeScriptParserMixin.parseMaybeUnary (F:\AI Projects\GIGAB2B\web\node_modules\@babel\parser\lib\index.js:11063:23)
      at TypeScriptParserMixin.parseMaybeUnary (F:\AI Projects\GIGAB2B\web\node_modules\@babel\parser\lib\index.js:9854:18)
      at TypeScriptParserMixin.parseMaybeUnaryOrPrivate (F:\AI Projects\GIGAB2B\web\node_modules\@babel\parser\lib\index.js:10916:61)
      at TypeScriptParserMixin.parseExprOps (F:\AI Projects\GIGAB2B\web\node_modules\@babel\parser\lib\index.js:10921:23)
      at TypeScriptParserMixin.parseMaybeConditional (F:\AI Projects\GIGAB2B\web\node_modules\@babel\parser\lib\index.js:10898:23)
      at TypeScriptParserMixin.parseMaybeAssign (F:\AI Projects\GIGAB2B\web\node_modules\@babel\parser\lib\index.js:10848:21)
      at TypeScriptParserMixin.parseMaybeAssign (F:\AI Projects\GIGAB2B\web\node_modules\@babel\parser\lib\index.js:9803:20)
      at TypeScriptParserMixin.parseExpressionBase (F:\AI Projects\GIGAB2B\web\node_modules\@babel\parser\lib\index.js:10801:23)
      at F:\AI Projects\GIGAB2B\web\node_modules\@babel\parser\lib\index.js:10797:39
      at TypeScriptParserMixin.allowInAnd (F:\AI Projects\GIGAB2B\web\node_modules\@babel\parser\lib\index.js:12438:16)
      at TypeScriptParserMixin.parseExpression (F:\AI Projects\GIGAB2B\web\node_modules\@babel\parser\lib\index.js:10797:17)
[2m21:11:30[22m [36m[1m[vite][22m[39m [90m[2m(client)[22m[39m [32mhmr update [39m[2m/src/App.tsx[22m
[2m21:12:11[22m [36m[1m[vite][22m[39m [90m[2m(client)[22m[39m [32mhmr update [39m[2m/src/components/Header.tsx[22m
[2m21:15:55[22m [36m[1m[vite][22m[39m [90m[2m(client)[22m[39m [32mhmr update [39m[2m/src/App.tsx[22m
[2m21:15:55[22m [31m[1m[vite][22m[39m [31mInternal server error: F:\AI Projects\GIGAB2B\web\src\App.tsx: Expected corresponding JSX closing tag for <div>. (464:12)

[0m [90m 462 |[31m                 [33m<[31m[33mGeneratedGallery[31m images[33m=[31m{generatedImages} onClear[33m=[31m{clearGenerated} [33m/[31m[33m>[31m
 [90m 463 |[31m               [33m<[31m[33m/[31m[33msection[31m[33m>[31m
[31m[1m>[22m[31m[90m 464 |[31m             [33m<[31m[33m/[31m[33m>[31m
 [90m     |[31m             [31m[1m^[22m[31m
 [90m 465 |[31m           ) [33m:[31m (
 [90m 466 |[31m             [33m<[31m[33mdiv[31m style[33m=[31m{{ fontSize[33m:[31m [32m"12px"[31m[33m,[31m color[33m:[31m [32m"#999"[31m[33m,[31m padding[33m:[31m [32m"12px"[31m[33m,[31m background[33m:[31m [32m"#fafafa"[31m[33m,[31m border[33m:[31m [32m"1px dashed #e0e0e0"[31m[33m,[31m borderRadius[33m:[31m [32m"4px"[31m[33m,[31m textAlign[33m:[31m [32m"center"[31m }}[33m>[31m
 [90m 467 |[31m               请先抓取产品数据[0m[39m
  Plugin: [35mvite:react-babel[39m
  File: [36mF:/AI Projects/GIGAB2B/web/src/App.tsx[39m:464:12
[33m  462|                  <GeneratedGallery images={generatedImages} onClear={clearGenerated} />
  463|                </section>
  464|              </>
     |              ^
  465|            ) : (
  466|              <div style={{ fontSize: "12px", color: "#999", padding: "12px", background: "#fafafa", border: "1px dashed #e0e0e0", borderRadius: "4px", textAlign: "center" }}>[39m
      at constructor (F:\AI Projects\GIGAB2B\web\node_modules\@babel\parser\lib\index.js:365:19)
      at TypeScriptParserMixin.raise (F:\AI Projects\GIGAB2B\web\node_modules\@babel\parser\lib\index.js:6616:19)
      at TypeScriptParserMixin.jsxParseElementAt (F:\AI Projects\GIGAB2B\web\node_modules\@babel\parser\lib\index.js:4734:14)
      at TypeScriptParserMixin.jsxParseElement (F:\AI Projects\GIGAB2B\web\node_modules\@babel\parser\lib\index.js:4761:17)
      at TypeScriptParserMixin.parseExprAtom (F:\AI Projects\GIGAB2B\web\node_modules\@babel\parser\lib\index.js:4771:19)
      at TypeScriptParserMixin.parseExprSubscripts (F:\AI Projects\GIGAB2B\web\node_modules\@babel\parser\lib\index.js:11098:23)
      at TypeScriptParserMixin.parseUpdate (F:\AI Projects\GIGAB2B\web\node_modules\@babel\parser\lib\index.js:11083:21)
      at TypeScriptParserMixin.parseMaybeUnary (F:\AI Projects\GIGAB2B\web\node_modules\@babel\parser\lib\index.js:11063:23)
      at TypeScriptParserMixin.parseMaybeUnary (F:\AI Projects\GIGAB2B\web\node_modules\@babel\parser\lib\index.js:9854:18)
      at TypeScriptParserMixin.parseMaybeUnaryOrPrivate (F:\AI Projects\GIGAB2B\web\node_modules\@babel\parser\lib\index.js:10916:61)
      at TypeScriptParserMixin.parseExprOps (F:\AI Projects\GIGAB2B\web\node_modules\@babel\parser\lib\index.js:10921:23)
      at TypeScriptParserMixin.parseMaybeConditional (F:\AI Projects\GIGAB2B\web\node_modules\@babel\parser\lib\index.js:10898:23)
      at TypeScriptParserMixin.parseMaybeAssign (F:\AI Projects\GIGAB2B\web\node_modules\@babel\parser\lib\index.js:10848:21)
      at F:\AI Projects\GIGAB2B\web\node_modules\@babel\parser\lib\index.js:9792:39
      at TypeScriptParserMixin.tryParse (F:\AI Projects\GIGAB2B\web\node_modules\@babel\parser\lib\index.js:6924:20)
      at TypeScriptParserMixin.parseMaybeAssign (F:\AI Projects\GIGAB2B\web\node_modules\@babel\parser\lib\index.js:9792:18)
      at F:\AI Projects\GIGAB2B\web\node_modules\@babel\parser\lib\index.js:10817:39
      at TypeScriptParserMixin.allowInAnd (F:\AI Projects\GIGAB2B\web\node_modules\@babel\parser\lib\index.js:12443:12)
      at TypeScriptParserMixin.parseMaybeAssignAllowIn (F:\AI Projects\GIGAB2B\web\node_modules\@babel\parser\lib\index.js:10817:17)
      at TypeScriptParserMixin.parseMaybeAssignAllowInOrVoidPattern (F:\AI Projects\GIGAB2B\web\node_modules\@babel\parser\lib\index.js:12510:17)
      at TypeScriptParserMixin.parseParenAndDistinguishExpression (F:\AI Projects\GIGAB2B\web\node_modules\@babel\parser\lib\index.js:11692:28)
      at TypeScriptParserMixin.parseExprAtom (F:\AI Projects\GIGAB2B\web\node_modules\@babel\parser\lib\index.js:11348:23)
      at TypeScriptParserMixin.parseExprAtom (F:\AI Projects\GIGAB2B\web\node_modules\@babel\parser\lib\index.js:4776:20)
      at TypeScriptParserMixin.parseExprSubscripts (F:\AI Projects\GIGAB2B\web\node_modules\@babel\parser\lib\index.js:11098:23)
      at TypeScriptParserMixin.parseUpdate (F:\AI Projects\GIGAB2B\web\node_modules\@babel\parser\lib\index.js:11083:21)
      at TypeScriptParserMixin.parseMaybeUnary (F:\AI Projects\GIGAB2B\web\node_modules\@babel\parser\lib\index.js:11063:23)
      at TypeScriptParserMixin.parseMaybeUnary (F:\AI Projects\GIGAB2B\web\node_modules\@babel\parser\lib\index.js:9854:18)
      at TypeScriptParserMixin.parseMaybeUnaryOrPrivate (F:\AI Projects\GIGAB2B\web\node_modules\@babel\parser\lib\index.js:10916:61)
      at TypeScriptParserMixin.parseExprOps (F:\AI Projects\GIGAB2B\web\node_modules\@babel\parser\lib\index.js:10921:23)
      at TypeScriptParserMixin.parseMaybeConditional (F:\AI Projects\GIGAB2B\web\node_modules\@babel\parser\lib\index.js:10898:23)
      at TypeScriptParserMixin.parseMaybeAssign (F:\AI Projects\GIGAB2B\web\node_modules\@babel\parser\lib\index.js:10848:21)
      at TypeScriptParserMixin.parseMaybeAssign (F:\AI Projects\GIGAB2B\web\node_modules\@babel\parser\lib\index.js:9803:20)
      at F:\AI Projects\GIGAB2B\web\node_modules\@babel\parser\lib\index.js:10817:39
      at TypeScriptParserMixin.allowInAnd (F:\AI Projects\GIGAB2B\web\node_modules\@babel\parser\lib\index.js:12443:12)
      at TypeScriptParserMixin.parseMaybeAssignAllowIn (F:\AI Projects\GIGAB2B\web\node_modules\@babel\parser\lib\index.js:10817:17)
      at TypeScriptParserMixin.parseConditional (F:\AI Projects\GIGAB2B\web\node_modules\@babel\parser\lib\index.js:10908:30)
      at TypeScriptParserMixin.parseConditional (F:\AI Projects\GIGAB2B\web\node_modules\@babel\parser\lib\index.js:9620:18)
      at TypeScriptParserMixin.parseMaybeConditional (F:\AI Projects\GIGAB2B\web\node_modules\@babel\parser\lib\index.js:10902:17)
      at TypeScriptParserMixin.parseMaybeAssign (F:\AI Projects\GIGAB2B\web\node_modules\@babel\parser\lib\index.js:10848:21)
      at TypeScriptParserMixin.parseMaybeAssign (F:\AI Projects\GIGAB2B\web\node_modules\@babel\parser\lib\index.js:9803:20)
      at TypeScriptParserMixin.parseExpressionBase (F:\AI Projects\GIGAB2B\web\node_modules\@babel\parser\lib\index.js:10801:23)
      at F:\AI Projects\GIGAB2B\web\node_modules\@babel\parser\lib\index.js:10797:39
      at TypeScriptParserMixin.allowInAnd (F:\AI Projects\GIGAB2B\web\node_modules\@babel\parser\lib\index.js:12443:12)
      at TypeScriptParserMixin.parseExpression (F:\AI Projects\GIGAB2B\web\node_modules\@babel\parser\lib\index.js:10797:17)
      at TypeScriptParserMixin.jsxParseExpressionContainer (F:\AI Projects\GIGAB2B\web\node_modules\@babel\parser\lib\index.js:4644:31)
      at TypeScriptParserMixin.jsxParseElementAt (F:\AI Projects\GIGAB2B\web\node_modules\@babel\parser\lib\index.js:4723:36)
      at TypeScriptParserMixin.jsxParseElementAt (F:\AI Projects\GIGAB2B\web\node_modules\@babel\parser\lib\index.js:4710:32)
      at TypeScriptParserMixin.jsxParseElementAt (F:\AI Projects\GIGAB2B\web\node_modules\@babel\parser\lib\index.js:4710:32)
      at TypeScriptParserMixin.jsxParseElement (F:\AI Projects\GIGAB2B\web\node_modules\@babel\parser\lib\index.js:4761:17)
      at TypeScriptParserMixin.parseExprAtom (F:\AI Projects\GIGAB2B\web\node_modules\@babel\parser\lib\index.js:4771:19)
[2m21:16:14[22m [36m[1m[vite][22m[39m [90m[2m(client)[22m[39m [32mhmr update [39m[2m/src/App.tsx[22m
[2m21:23:36[22m [36m[1m[vite][22m[39m [90m[2m(client)[22m[39m [32mhmr update [39m[2m/src/components/PromptForm.tsx[22m
[2m21:23:36[22m [36m[1m[vite][22m[39m [90m[2m(client)[22m[39m [33mhmr invalidate [39m[2m/src/components/PromptForm.tsx[22m Could not Fast Refresh ("IMAGE_TYPE_OPTIONS" export is incompatible). Learn more at https://github.com/vitejs/vite-plugin-react/tree/main/packages/plugin-react#consistent-components-exports
[2m21:23:36[22m [36m[1m[vite][22m[39m [90m[2m(client)[22m[39m [32mhmr update [39m[2m/src/App.tsx[22m
[2m21:25:51[22m [36m[1m[vite][22m[39m [90m[2m(client)[22m[39m [32mhmr update [39m[2m/src/App.tsx[22m
[2m21:26:24[22m [36m[1m[vite][22m[39m [90m[2m(client)[22m[39m [32mhmr update [39m[2m/src/App.tsx[22m
[2m21:28:14[22m [36m[1m[vite][22m[39m [90m[2m(client)[22m[39m [32mhmr update [39m[2m/src/App.tsx, /src/components/ReferenceImages.tsx[22m
[2m21:30:29[22m [31m[1m[vite][22m[39m [31mhttp proxy error: /api/generate-image[39m
Error: read ECONNRESET
    at TCP.onStreamRead (node:internal/stream_base_commons:216:20)
[2m21:34:27[22m [36m[1m[vite][22m[39m [90m[2m(client)[22m[39m [32mhmr update [39m[2m/src/App.tsx[22m
[2m21:43:16[22m [36m[1m[vite][22m[39m [90m[2m(client)[22m[39m [32mhmr update [39m[2m/src/components/GeneratedGallery.tsx[22m
[2m21:45:35[22m [36m[1m[vite][22m[39m [90m[2m(client)[22m[39m [32mhmr update [39m[2m/src/App.tsx[22m
[2m21:46:07[22m [36m[1m[vite][22m[39m [90m[2m(client)[22m[39m [32mhmr update [39m[2m/src/App.tsx[22m
[2m21:46:40[22m [36m[1m[vite][22m[39m [90m[2m(client)[22m[39m [32mhmr update [39m[2m/src/App.tsx[22m
